Command line:
   debouncer_isim_beh.exe
     -simmode  gui
     -simrunnum  0
     -socket  57065

Fri Feb 18 18:18:56 2022


 Elaboration Time: 0.109375 sec

 Current Memory Usage: 5646.01 Meg

 Total Signals          : 16
 Total Nets             : 17
 Total Signal Drivers   : 6
 Total Blocks           : 2
 Total Primitive Blocks : 2
 Total Processes        : 8
 Total Traceable Variables  : 24
 Total Scalar Nets and Variables : 103
Total Line Count : 21

 Total Simulation Time: 0.109375 sec

 Current Memory Usage: 5646.01 Meg

Fri Feb 18 18:19:06 2022

