Command line:
   clock_divider_isim_beh.exe
     -simmode  gui
     -simrunnum  0
     -socket  60586

Mon Feb 21 15:03:38 2022


 Elaboration Time: 0.125 sec

 Current Memory Usage: 5804.31 Meg

 Total Signals          : 15
 Total Nets             : 16
 Total Signal Drivers   : 6
 Total Blocks           : 2
 Total Primitive Blocks : 2
 Total Processes        : 10
 Total Traceable Variables  : 21
 Total Scalar Nets and Variables : 149
Total Line Count : 33

 Total Simulation Time: 0.125 sec

 Current Memory Usage: 5804.31 Meg

Mon Feb 21 15:03:42 2022

