Command line:
   debouncer_isim_beh.exe
     -simmode  gui
     -simrunnum  0
     -socket  54936

Sun Feb 20 16:02:46 2022


 Elaboration Time: 0.125 sec

 Current Memory Usage: 5803.29 Meg

 Total Signals          : 16
 Total Nets             : 17
 Total Signal Drivers   : 6
 Total Blocks           : 2
 Total Primitive Blocks : 2
 Total Processes        : 8
 Total Traceable Variables  : 24
 Total Scalar Nets and Variables : 103
Total Line Count : 21

 Total Simulation Time: 0.140625 sec

 Current Memory Usage: 5803.29 Meg

Sun Feb 20 16:02:53 2022

