INFO:sim:172 - Generating IP...
Applying current project options...
Finished applying current project options.
WARNING:sim - A core named 'clkwiz' already exists in the project. Output
   products for this core may be overwritten.
Resolving generics for 'clkwiz'...
WARNING:sim - A core named 'clkwiz' already exists in the project. Output
   products for this core may be overwritten.
Applying external generics to 'clkwiz'...
Delivering associated files for 'clkwiz'...
WARNING:sim - Component clk_wiz_v3_6 does not have a valid model name for
   Verilog synthesis
Delivering EJava files for 'clkwiz'...
Delivered 3 files into directory
C:/Users/thomasbivins/Desktop/Projects/CDA4203L-TeamLGSB/Final
Project/Final_FSM/ipcore_dir/tmp/_cg/clkwiz
Delivered 1 file into directory
C:/Users/thomasbivins/Desktop/Projects/CDA4203L-TeamLGSB/Final
Project/Final_FSM/ipcore_dir/tmp/_cg/clkwiz
Generating ASY schematic symbol...
Loading device for application Rf_Device from file '6slx45.nph' in environment
C:\Xilinx\14.7\ISE_DS\ISE\.
INFO:sim:949 - Finished generation of ASY schematic symbol.
Generating SYM schematic symbol for 'clkwiz'...
Generating ISE project...
XCO file found: clkwiz.xco
XMDF file found: clkwiz_xmdf.tcl
Adding C:/Users/thomasbivins/Desktop/Projects/CDA4203L-TeamLGSB/Final
Project/Final_FSM/ipcore_dir/tmp/_cg/clkwiz.asy -view all -origin_type imported
Adding C:/Users/thomasbivins/Desktop/Projects/CDA4203L-TeamLGSB/Final
Project/Final_FSM/ipcore_dir/tmp/_cg/clkwiz.ucf -view all -origin_type created
Adding C:/Users/thomasbivins/Desktop/Projects/CDA4203L-TeamLGSB/Final
Project/Final_FSM/ipcore_dir/tmp/_cg/clkwiz.v -view all -origin_type created
INFO:HDLCompiler:1845 - Analyzing Verilog file
   "C:/Users/thomasbivins/Desktop/Projects/CDA4203L-TeamLGSB/Final
   Project/Final_FSM/ipcore_dir/tmp/_cg/clkwiz.v" into library work
INFO:ProjectMgmt - Parsing design hierarchy completed successfully.
Adding C:/Users/thomasbivins/Desktop/Projects/CDA4203L-TeamLGSB/Final
Project/Final_FSM/ipcore_dir/tmp/_cg/clkwiz.veo -view all -origin_type imported
INFO:TclTasksC:2116 - The automatic calculation of top has been turned-off.
   Please set the new top explicitly by running the "project set top" command.
   To re-calculate the new top automatically, set the "Auto Implementation Top"
   property to true.
Top level has been set to "/clkwiz"
Generating README file...
Generating FLIST file...
INFO:sim:948 - Finished FLIST file generation.
Launching README viewer...
Moving files to output directory...
Finished moving files to output directory
Wrote CGP file for project 'clkwiz'.
