--------------------------------------------------------------------------------
Release 14.7 Trace  (nt64)
Copyright (c) 1995-2013 Xilinx, Inc.  All rights reserved.

C:\Xilinx\14.7\ISE_DS\ISE\bin\nt64\unwrapped\trce.exe -intstyle ise -v 3 -s 3
-n 3 -fastpaths -xml lab_board.twx lab_board.ncd -o lab_board.twr lab_board.pcf
-ucf PIN_MAP.ucf

Design file:              lab_board.ncd
Physical constraint file: lab_board.pcf
Device,package,speed:     xc6slx45,csg484,C,-3 (PRODUCTION 1.23 2013-10-13)
Report level:             verbose report

Environment Variable      Effect 
--------------------      ------ 
NONE                      No environment variables were set
--------------------------------------------------------------------------------

INFO:Timing:2698 - No timing constraints found, doing default enumeration.
INFO:Timing:3412 - To improve timing, see the Timing Closure User Guide (UG612).
INFO:Timing:2752 - To get complete path coverage, use the unconstrained paths 
   option. All paths that are not constrained will be reported in the 
   unconstrained paths section(s) of the report.
INFO:Timing:3339 - The clock-to-out numbers in this timing report are based on 
   a 50 Ohm transmission line loading model.  For the details of this model, 
   and for more information on accounting for different loading conditions, 
   please see the device datasheet.



Data Sheet report:
-----------------
All values displayed in nanoseconds (ns)

Setup/Hold to clock CLK
------------+------------+------------+------------+------------+------------------+--------+
            |Max Setup to|  Process   |Max Hold to |  Process   |                  | Clock  |
Source      | clk (edge) |   Corner   | clk (edge) |   Corner   |Internal Clock(s) | Phase  |
------------+------------+------------+------------+------------+------------------+--------+
BTN<1>      |    3.823(R)|      SLOW  |   -2.478(R)|      FAST  |CLK_BUFGP         |   0.000|
BTN<2>      |    4.262(R)|      SLOW  |   -2.742(R)|      FAST  |CLK_BUFGP         |   0.000|
BTN<3>      |    2.929(R)|      SLOW  |   -1.932(R)|      FAST  |CLK_BUFGP         |   0.000|
SW<0>       |    2.782(R)|      SLOW  |   -0.131(R)|      SLOW  |CLK_BUFGP         |   0.000|
------------+------------+------------+------------+------------+------------------+--------+

Clock to Setup on destination clock CLK
---------------+---------+---------+---------+---------+
               | Src:Rise| Src:Fall| Src:Rise| Src:Fall|
Source Clock   |Dest:Rise|Dest:Rise|Dest:Fall|Dest:Fall|
---------------+---------+---------+---------+---------+
CLK            |    4.071|         |         |         |
---------------+---------+---------+---------+---------+


Analysis completed Wed Feb 23 20:19:10 2022 
--------------------------------------------------------------------------------

Trace Settings:
-------------------------
Trace Settings 

Peak Memory Usage: 4625 MB



