--------------------------------------------------------------------------------
Release 14.7 Trace  (nt64)
Copyright (c) 1995-2013 Xilinx, Inc.  All rights reserved.

C:\Xilinx\14.7\ISE_DS\ISE\bin\nt64\unwrapped\trce.exe -intstyle ise -v 3 -s 3
-n 3 -fastpaths -xml controller.twx controller.ncd -o controller.twr
controller.pcf -ucf main_pin_map.ucf

Design file:              controller.ncd
Physical constraint file: controller.pcf
Device,package,speed:     xc6slx45,csg484,C,-3 (PRODUCTION 1.23 2013-10-13)
Report level:             verbose report

Environment Variable      Effect 
--------------------      ------ 
NONE                      No environment variables were set
--------------------------------------------------------------------------------

INFO:Timing:2698 - No timing constraints found, doing default enumeration.
INFO:Timing:3412 - To improve timing, see the Timing Closure User Guide (UG612).
INFO:Timing:2752 - To get complete path coverage, use the unconstrained paths 
   option. All paths that are not constrained will be reported in the 
   unconstrained paths section(s) of the report.
INFO:Timing:3339 - The clock-to-out numbers in this timing report are based on 
   a 50 Ohm transmission line loading model.  For the details of this model, 
   and for more information on accounting for different loading conditions, 
   please see the device datasheet.



Data Sheet report:
-----------------
All values displayed in nanoseconds (ns)

Setup/Hold to clock clk
------------+------------+------------+------------+------------+---------------------------------------------------------------------------+--------+
            |Max Setup to|  Process   |Max Hold to |  Process   |                                                                           | Clock  |
Source      | clk (edge) |   Corner   | clk (edge) |   Corner   |Internal Clock(s)                                                          | Phase  |
------------+------------+------------+------------+------------+---------------------------------------------------------------------------+--------+
AUD_ADCDAT  |    0.694(R)|      FAST  |    1.511(R)|      SLOW  |AUD_XCK_OBUF                                                               |   0.000|
AUD_I2C_SDAT|   -0.277(R)|      FAST  |    3.506(R)|      SLOW  |what/main_clk                                                              |   0.000|
back        |    0.137(R)|      FAST  |    1.589(R)|      SLOW  |clk2                                                                       |   0.000|
hw_rzq_pin  |    0.507(R)|      FAST  |    0.498(R)|      SLOW  |RAMWrapper/u_memory_interface/c3_mcb_drp_clk                               |   0.000|
hw_zio_pin  |    0.815(R)|      SLOW  |    0.026(R)|      SLOW  |RAMWrapper/u_memory_interface/c3_mcb_drp_clk                               |   0.000|
pause_play  |   -0.174(R)|      FAST  |    1.901(R)|      SLOW  |clk2                                                                       |   0.000|
reset       |    6.124(R)|      SLOW  |   -1.365(R)|      FAST  |RAMWrapper/u_memory_interface/c3_mcb_drp_clk                               |   0.000|
            |   10.088(R)|      SLOW  |   -5.896(R)|      FAST  |RAMWrapper/u_memory_interface/memc3_infrastructure_inst/mcb_drp_clk_bufg_in|   0.000|
            |    2.325(R)|      SLOW  |    3.315(R)|      SLOW  |clk2                                                                       |   0.000|
            |    7.621(R)|      SLOW  |   -0.564(R)|      SLOW  |wizclk                                                                     |   0.000|
rs232_rx    |   -0.294(R)|      FAST  |    2.381(R)|      SLOW  |clk2                                                                       |   0.000|
select      |    2.910(R)|      SLOW  |   -1.454(R)|      FAST  |clk2                                                                       |   0.000|
switches<0> |    3.243(R)|      SLOW  |   -0.902(R)|      SLOW  |AUD_XCK_OBUF                                                               |   0.000|
            |    0.208(R)|      FAST  |    1.334(R)|      SLOW  |clk2                                                                       |   0.000|
switches<1> |    3.370(R)|      SLOW  |   -0.322(R)|      SLOW  |AUD_XCK_OBUF                                                               |   0.000|
            |   -0.801(R)|      FAST  |    3.082(R)|      SLOW  |clk2                                                                       |   0.000|
switches<2> |   -0.959(R)|      FAST  |    3.298(R)|      SLOW  |clk2                                                                       |   0.000|
switches<3> |   -0.839(R)|      FAST  |    3.166(R)|      SLOW  |clk2                                                                       |   0.000|
------------+------------+------------+------------+------------+---------------------------------------------------------------------------+--------+

Clock clk to Pad
-------------+-----------------+------------+-----------------+------------+----------------------------------------------+--------+
             |Max (slowest) clk|  Process   |Min (fastest) clk|  Process   |                                              | Clock  |
Destination  |  (edge) to PAD  |   Corner   |  (edge) to PAD  |   Corner   |Internal Clock(s)                             | Phase  |
-------------+-----------------+------------+-----------------+------------+----------------------------------------------+--------+
AUD_ADCLRCK  |        14.705(R)|      SLOW  |         7.989(R)|      FAST  |AUD_XCK_OBUF                                  |   0.000|
AUD_BCLK     |        13.620(R)|      SLOW  |         7.515(R)|      FAST  |AUD_XCK_OBUF                                  |   0.000|
AUD_DACDAT   |        13.799(R)|      SLOW  |         7.585(R)|      FAST  |AUD_XCK_OBUF                                  |   0.000|
AUD_DACLRCK  |        14.815(R)|      SLOW  |         8.035(R)|      FAST  |AUD_XCK_OBUF                                  |   0.000|
AUD_I2C_SCLK |        19.408(R)|      SLOW  |        10.616(R)|      FAST  |what/main_clk                                 |   0.000|
AUD_I2C_SDAT |        16.495(R)|      SLOW  |         8.876(R)|      FAST  |what/main_clk                                 |   0.000|
hw_ram_ad<0> |         9.247(R)|      SLOW  |         5.371(R)|      FAST  |RAMWrapper/u_memory_interface/c3_sysclk_2x    |   0.000|
hw_ram_ad<1> |         9.247(R)|      SLOW  |         5.371(R)|      FAST  |RAMWrapper/u_memory_interface/c3_sysclk_2x    |   0.000|
hw_ram_ad<2> |         9.238(R)|      SLOW  |         5.362(R)|      FAST  |RAMWrapper/u_memory_interface/c3_sysclk_2x    |   0.000|
hw_ram_ad<3> |         9.247(R)|      SLOW  |         5.371(R)|      FAST  |RAMWrapper/u_memory_interface/c3_sysclk_2x    |   0.000|
hw_ram_ad<4> |         9.238(R)|      SLOW  |         5.362(R)|      FAST  |RAMWrapper/u_memory_interface/c3_sysclk_2x    |   0.000|
hw_ram_ad<5> |         9.247(R)|      SLOW  |         5.371(R)|      FAST  |RAMWrapper/u_memory_interface/c3_sysclk_2x    |   0.000|
hw_ram_ad<6> |         9.247(R)|      SLOW  |         5.371(R)|      FAST  |RAMWrapper/u_memory_interface/c3_sysclk_2x    |   0.000|
hw_ram_ad<7> |         9.238(R)|      SLOW  |         5.362(R)|      FAST  |RAMWrapper/u_memory_interface/c3_sysclk_2x    |   0.000|
hw_ram_ad<8> |         9.238(R)|      SLOW  |         5.362(R)|      FAST  |RAMWrapper/u_memory_interface/c3_sysclk_2x    |   0.000|
hw_ram_ad<9> |         9.238(R)|      SLOW  |         5.362(R)|      FAST  |RAMWrapper/u_memory_interface/c3_sysclk_2x    |   0.000|
hw_ram_ad<10>|         9.238(R)|      SLOW  |         5.362(R)|      FAST  |RAMWrapper/u_memory_interface/c3_sysclk_2x    |   0.000|
hw_ram_ad<11>|         9.226(R)|      SLOW  |         5.350(R)|      FAST  |RAMWrapper/u_memory_interface/c3_sysclk_2x    |   0.000|
hw_ram_ad<12>|         9.226(R)|      SLOW  |         5.350(R)|      FAST  |RAMWrapper/u_memory_interface/c3_sysclk_2x    |   0.000|
hw_ram_ba<0> |         9.247(R)|      SLOW  |         5.371(R)|      FAST  |RAMWrapper/u_memory_interface/c3_sysclk_2x    |   0.000|
hw_ram_ba<1> |         9.247(R)|      SLOW  |         5.371(R)|      FAST  |RAMWrapper/u_memory_interface/c3_sysclk_2x    |   0.000|
hw_ram_ba<2> |         9.238(R)|      SLOW  |         5.362(R)|      FAST  |RAMWrapper/u_memory_interface/c3_sysclk_2x    |   0.000|
hw_ram_casn  |         9.397(R)|      SLOW  |         5.512(R)|      FAST  |RAMWrapper/u_memory_interface/c3_sysclk_2x    |   0.000|
hw_ram_ck    |         9.147(R)|      SLOW  |         5.277(R)|      FAST  |RAMWrapper/u_memory_interface/c3_sysclk_2x    |   0.000|
hw_ram_cke   |         9.376(R)|      SLOW  |         5.491(R)|      FAST  |RAMWrapper/u_memory_interface/c3_sysclk_2x    |   0.000|
hw_ram_ckn   |         9.187(R)|      SLOW  |         5.302(R)|      FAST  |RAMWrapper/u_memory_interface/c3_sysclk_2x    |   0.000|
hw_ram_dq<0> |         9.343(R)|      SLOW  |         5.460(R)|      FAST  |RAMWrapper/u_memory_interface/c3_sysclk_2x_180|   0.000|
hw_ram_dq<1> |         9.343(R)|      SLOW  |         5.460(R)|      FAST  |RAMWrapper/u_memory_interface/c3_sysclk_2x_180|   0.000|
hw_ram_dq<2> |         9.343(R)|      SLOW  |         5.460(R)|      FAST  |RAMWrapper/u_memory_interface/c3_sysclk_2x_180|   0.000|
hw_ram_dq<3> |         9.343(R)|      SLOW  |         5.460(R)|      FAST  |RAMWrapper/u_memory_interface/c3_sysclk_2x_180|   0.000|
hw_ram_dq<4> |         9.343(R)|      SLOW  |         5.460(R)|      FAST  |RAMWrapper/u_memory_interface/c3_sysclk_2x_180|   0.000|
hw_ram_dq<5> |         9.343(R)|      SLOW  |         5.460(R)|      FAST  |RAMWrapper/u_memory_interface/c3_sysclk_2x_180|   0.000|
hw_ram_dq<6> |         9.343(R)|      SLOW  |         5.460(R)|      FAST  |RAMWrapper/u_memory_interface/c3_sysclk_2x_180|   0.000|
hw_ram_dq<7> |         9.343(R)|      SLOW  |         5.460(R)|      FAST  |RAMWrapper/u_memory_interface/c3_sysclk_2x_180|   0.000|
hw_ram_dq<8> |         9.343(R)|      SLOW  |         5.460(R)|      FAST  |RAMWrapper/u_memory_interface/c3_sysclk_2x_180|   0.000|
hw_ram_dq<9> |         9.343(R)|      SLOW  |         5.460(R)|      FAST  |RAMWrapper/u_memory_interface/c3_sysclk_2x_180|   0.000|
hw_ram_dq<10>|         9.334(R)|      SLOW  |         5.451(R)|      FAST  |RAMWrapper/u_memory_interface/c3_sysclk_2x_180|   0.000|
hw_ram_dq<11>|         9.334(R)|      SLOW  |         5.451(R)|      FAST  |RAMWrapper/u_memory_interface/c3_sysclk_2x_180|   0.000|
hw_ram_dq<12>|         9.334(R)|      SLOW  |         5.451(R)|      FAST  |RAMWrapper/u_memory_interface/c3_sysclk_2x_180|   0.000|
hw_ram_dq<13>|         9.334(R)|      SLOW  |         5.451(R)|      FAST  |RAMWrapper/u_memory_interface/c3_sysclk_2x_180|   0.000|
hw_ram_dq<14>|         9.325(R)|      SLOW  |         5.442(R)|      FAST  |RAMWrapper/u_memory_interface/c3_sysclk_2x_180|   0.000|
hw_ram_dq<15>|         9.325(R)|      SLOW  |         5.442(R)|      FAST  |RAMWrapper/u_memory_interface/c3_sysclk_2x_180|   0.000|
hw_ram_ldm   |         9.493(R)|      SLOW  |         5.601(R)|      FAST  |RAMWrapper/u_memory_interface/c3_sysclk_2x_180|   0.000|
hw_ram_ldqs_n|         9.225(R)|      SLOW  |         5.348(R)|      FAST  |RAMWrapper/u_memory_interface/c3_sysclk_2x    |   0.000|
hw_ram_ldqs_p|         9.225(R)|      SLOW  |         5.348(R)|      FAST  |RAMWrapper/u_memory_interface/c3_sysclk_2x    |   0.000|
hw_ram_odt   |         9.397(R)|      SLOW  |         5.512(R)|      FAST  |RAMWrapper/u_memory_interface/c3_sysclk_2x    |   0.000|
hw_ram_rasn  |         9.397(R)|      SLOW  |         5.512(R)|      FAST  |RAMWrapper/u_memory_interface/c3_sysclk_2x    |   0.000|
hw_ram_udm   |         9.493(R)|      SLOW  |         5.601(R)|      FAST  |RAMWrapper/u_memory_interface/c3_sysclk_2x_180|   0.000|
hw_ram_udqs_n|         9.225(R)|      SLOW  |         5.348(R)|      FAST  |RAMWrapper/u_memory_interface/c3_sysclk_2x    |   0.000|
hw_ram_udqs_p|         9.225(R)|      SLOW  |         5.348(R)|      FAST  |RAMWrapper/u_memory_interface/c3_sysclk_2x    |   0.000|
hw_ram_wen   |         9.388(R)|      SLOW  |         5.503(R)|      FAST  |RAMWrapper/u_memory_interface/c3_sysclk_2x    |   0.000|
hw_rzq_pin   |        15.259(R)|      SLOW  |         8.470(R)|      FAST  |RAMWrapper/u_memory_interface/c3_mcb_drp_clk  |   0.000|
hw_zio_pin   |        15.420(R)|      SLOW  |         8.470(R)|      FAST  |RAMWrapper/u_memory_interface/c3_mcb_drp_clk  |   0.000|
rs232_tx     |        15.659(R)|      SLOW  |         8.794(R)|      FAST  |clk2                                          |   0.000|
status       |        10.819(R)|      SLOW  |         5.943(R)|      FAST  |RAMWrapper/u_memory_interface/c3_mcb_drp_clk  |   0.000|
-------------+-----------------+------------+-----------------+------------+----------------------------------------------+--------+

Clock to Setup on destination clock clk
---------------+---------+---------+---------+---------+
               | Src:Rise| Src:Fall| Src:Rise| Src:Fall|
Source Clock   |Dest:Rise|Dest:Rise|Dest:Fall|Dest:Fall|
---------------+---------+---------+---------+---------+
clk            |   13.138|    6.241|         |         |
---------------+---------+---------+---------+---------+

Pad to Pad
---------------+---------------+---------+
Source Pad     |Destination Pad|  Delay  |
---------------+---------------+---------+
clk            |AUD_XCK        |   12.273|
clk            |hw_rzq_pin     |   16.142|
clk            |hw_zio_pin     |   16.303|
reset          |hw_rzq_pin     |   16.025|
reset          |hw_zio_pin     |   16.186|
---------------+---------------+---------+


Analysis completed Fri Apr 29 15:27:49 2022 
--------------------------------------------------------------------------------

Trace Settings:
-------------------------
Trace Settings 

Peak Memory Usage: 4647 MB



