Command line:
   bcd_count_tb_example_isim_beh.exe
     -simmode  gui
     -simrunnum  0
     -socket  51225

Sat Feb 12 19:07:09 2022


 Elaboration Time: 0.046875 sec

 Current Memory Usage: 5150.76 Meg

 Total Signals          : 28
 Total Nets             : 38
 Total Signal Drivers   : 12
 Total Blocks           : 6
 Total Primitive Blocks : 3
 Total Processes        : 19
 Total Traceable Variables  : 27
 Total Scalar Nets and Variables : 182
Total Line Count : 71

 Total Simulation Time: 0.09375 sec

 Current Memory Usage: 4993.47 Meg

Sat Feb 12 19:12:25 2022

